<?xml version="1.0" encoding="UTF-8"?>
<coverage generated="1465551749">
  <project timestamp="1465551749">
    <package name="Earls\RhinoReportBundle\DependencyInjection\Compiler">
      <file name="/home/ubuntu/workspace/Earls/RhinoReport/DependencyInjection/Compiler/ActionPass.php">
        <class name="ActionPass" namespace="Earls\RhinoReportBundle\DependencyInjection\Compiler">
          <metrics methods="1" coveredmethods="0" conditionals="0" coveredconditionals="0" statements="51" coveredstatements="0" elements="52" coveredelements="0"/>
        </class>
        <line num="18" type="method" name="process" crap="210" count="0"/>
        <line num="20" type="stmt" count="0"/>
        <line num="21" type="stmt" count="0"/>
        <line num="26" type="stmt" count="0"/>
        <line num="27" type="stmt" count="0"/>
        <line num="28" type="stmt" count="0"/>
        <line num="29" type="stmt" count="0"/>
        <line num="30" type="stmt" count="0"/>
        <line num="33" type="stmt" count="0"/>
        <line num="34" type="stmt" count="0"/>
        <line num="36" type="stmt" count="0"/>
        <line num="39" type="stmt" count="0"/>
        <line num="40" type="stmt" count="0"/>
        <line num="41" type="stmt" count="0"/>
        <line num="42" type="stmt" count="0"/>
        <line num="43" type="stmt" count="0"/>
        <line num="46" type="stmt" count="0"/>
        <line num="47" type="stmt" count="0"/>
        <line num="49" type="stmt" count="0"/>
        <line num="52" type="stmt" count="0"/>
        <line num="53" type="stmt" count="0"/>
        <line num="54" type="stmt" count="0"/>
        <line num="55" type="stmt" count="0"/>
        <line num="56" type="stmt" count="0"/>
        <line num="59" type="stmt" count="0"/>
        <line num="60" type="stmt" count="0"/>
        <line num="62" type="stmt" count="0"/>
        <line num="65" type="stmt" count="0"/>
        <line num="66" type="stmt" count="0"/>
        <line num="67" type="stmt" count="0"/>
        <line num="68" type="stmt" count="0"/>
        <line num="69" type="stmt" count="0"/>
        <line num="72" type="stmt" count="0"/>
        <line num="73" type="stmt" count="0"/>
        <line num="75" type="stmt" count="0"/>
        <line num="78" type="stmt" count="0"/>
        <line num="79" type="stmt" count="0"/>
        <line num="80" type="stmt" count="0"/>
        <line num="81" type="stmt" count="0"/>
        <line num="82" type="stmt" count="0"/>
        <line num="85" type="stmt" count="0"/>
        <line num="86" type="stmt" count="0"/>
        <line num="88" type="stmt" count="0"/>
        <line num="91" type="stmt" count="0"/>
        <line num="92" type="stmt" count="0"/>
        <line num="93" type="stmt" count="0"/>
        <line num="94" type="stmt" count="0"/>
        <line num="95" type="stmt" count="0"/>
        <line num="97" type="stmt" count="0"/>
        <line num="98" type="stmt" count="0"/>
        <line num="100" type="stmt" count="0"/>
        <line num="101" type="stmt" count="0"/>
        <metrics loc="102" ncloc="68" classes="1" methods="1" coveredmethods="0" conditionals="0" coveredconditionals="0" statements="51" coveredstatements="0" elements="52" coveredelements="0"/>
      </file>
      <file name="/home/ubuntu/workspace/Earls/RhinoReport/DependencyInjection/Compiler/DefinitionBuilderPass.php">
        <class name="DefinitionBuilderPass" namespace="Earls\RhinoReportBundle\DependencyInjection\Compiler">
          <metrics methods="1" coveredmethods="0" conditionals="0" coveredconditionals="0" statements="13" coveredstatements="0" elements="14" coveredelements="0"/>
        </class>
        <line num="19" type="method" name="process" crap="20" count="0"/>
        <line num="21" type="stmt" count="0"/>
        <line num="22" type="stmt" count="0"/>
        <line num="26" type="stmt" count="0"/>
        <line num="27" type="stmt" count="0"/>
        <line num="28" type="stmt" count="0"/>
        <line num="29" type="stmt" count="0"/>
        <line num="30" type="stmt" count="0"/>
        <line num="33" type="stmt" count="0"/>
        <line num="34" type="stmt" count="0"/>
        <line num="35" type="stmt" count="0"/>
        <line num="36" type="stmt" count="0"/>
        <line num="37" type="stmt" count="0"/>
        <line num="39" type="stmt" count="0"/>
        <metrics loc="40" ncloc="28" classes="1" methods="1" coveredmethods="0" conditionals="0" coveredconditionals="0" statements="13" coveredstatements="0" elements="14" coveredelements="0"/>
      </file>
      <file name="/home/ubuntu/workspace/Earls/RhinoReport/DependencyInjection/Compiler/FactoryPass.php">
        <class name="FactoryPass" namespace="Earls\RhinoReportBundle\DependencyInjection\Compiler">
          <metrics methods="1" coveredmethods="0" conditionals="0" coveredconditionals="0" statements="14" coveredstatements="0" elements="15" coveredelements="0"/>
        </class>
        <line num="19" type="method" name="process" crap="20" count="0"/>
        <line num="21" type="stmt" count="0"/>
        <line num="22" type="stmt" count="0"/>
        <line num="25" type="stmt" count="0"/>
        <line num="26" type="stmt" count="0"/>
        <line num="27" type="stmt" count="0"/>
        <line num="28" type="stmt" count="0"/>
        <line num="29" type="stmt" count="0"/>
        <line num="30" type="stmt" count="0"/>
        <line num="33" type="stmt" count="0"/>
        <line num="34" type="stmt" count="0"/>
        <line num="35" type="stmt" count="0"/>
        <line num="36" type="stmt" count="0"/>
        <line num="37" type="stmt" count="0"/>
        <line num="38" type="stmt" count="0"/>
        <metrics loc="39" ncloc="27" classes="1" methods="1" coveredmethods="0" conditionals="0" coveredconditionals="0" statements="14" coveredstatements="0" elements="15" coveredelements="0"/>
      </file>
      <file name="/home/ubuntu/workspace/Earls/RhinoReport/DependencyInjection/Compiler/TemplatingPass.php">
        <class name="TemplatingPass" namespace="Earls\RhinoReportBundle\DependencyInjection\Compiler">
          <metrics methods="1" coveredmethods="0" conditionals="0" coveredconditionals="0" statements="4" coveredstatements="0" elements="5" coveredelements="0"/>
        </class>
        <line num="10" type="method" name="process" crap="2" count="0"/>
        <line num="12" type="stmt" count="0"/>
        <line num="13" type="stmt" count="0"/>
        <line num="14" type="stmt" count="0"/>
        <line num="15" type="stmt" count="0"/>
        <metrics loc="16" ncloc="16" classes="1" methods="1" coveredmethods="0" conditionals="0" coveredconditionals="0" statements="4" coveredstatements="0" elements="5" coveredelements="0"/>
      </file>
    </package>
    <package name="Earls\RhinoReportBundle\DependencyInjection">
      <file name="/home/ubuntu/workspace/Earls/RhinoReport/DependencyInjection/Configuration.php">
        <class name="Configuration" namespace="Earls\RhinoReportBundle\DependencyInjection">
          <metrics methods="1" coveredmethods="0" conditionals="0" coveredconditionals="0" statements="3" coveredstatements="0" elements="4" coveredelements="0"/>
        </class>
        <line num="20" type="method" name="getConfigTreeBuilder" crap="2" count="0"/>
        <line num="22" type="stmt" count="0"/>
        <line num="23" type="stmt" count="0"/>
        <line num="28" type="stmt" count="0"/>
        <metrics loc="31" ncloc="15" classes="1" methods="1" coveredmethods="0" conditionals="0" coveredconditionals="0" statements="3" coveredstatements="0" elements="4" coveredelements="0"/>
      </file>
      <file name="/home/ubuntu/workspace/Earls/RhinoReport/DependencyInjection/EarlsRhinoReportExtension.php">
        <class name="EarlsRhinoReportExtension" namespace="Earls\RhinoReportBundle\DependencyInjection">
          <metrics methods="2" coveredmethods="0" conditionals="0" coveredconditionals="0" statements="8" coveredstatements="0" elements="10" coveredelements="0"/>
        </class>
        <line num="16" type="method" name="load" crap="2" count="0"/>
        <line num="18" type="stmt" count="0"/>
        <line num="19" type="stmt" count="0"/>
        <line num="21" type="stmt" count="0"/>
        <line num="22" type="stmt" count="0"/>
        <line num="23" type="stmt" count="0"/>
        <line num="24" type="stmt" count="0"/>
        <line num="25" type="stmt" count="0"/>
        <line num="27" type="method" name="getAlias" crap="2" count="0"/>
        <line num="29" type="stmt" count="0"/>
        <metrics loc="32" ncloc="29" classes="1" methods="2" coveredmethods="0" conditionals="0" coveredconditionals="0" statements="8" coveredstatements="0" elements="10" coveredelements="0"/>
      </file>
    </package>
    <package name="Earls\RhinoReportBundle">
      <file name="/home/ubuntu/workspace/Earls/RhinoReport/EarlsRhinoReportBundle.php">
        <class name="EarlsRhinoReportBundle" namespace="Earls\RhinoReportBundle">
          <metrics methods="1" coveredmethods="0" conditionals="0" coveredconditionals="0" statements="5" coveredstatements="0" elements="6" coveredelements="0"/>
        </class>
        <line num="14" type="method" name="build" crap="2" count="0"/>
        <line num="16" type="stmt" count="0"/>
        <line num="18" type="stmt" count="0"/>
        <line num="19" type="stmt" count="0"/>
        <line num="20" type="stmt" count="0"/>
        <line num="22" type="stmt" count="0"/>
        <metrics loc="24" ncloc="22" classes="1" methods="1" coveredmethods="0" conditionals="0" coveredconditionals="0" statements="5" coveredstatements="0" elements="6" coveredelements="0"/>
      </file>
    </package>
    <package name="Earls\RhinoReportBundle\Entity">
      <file name="/home/ubuntu/workspace/Earls/RhinoReport/Entity/RhnBarDatasetDefinition.php">
        <class name="RhnBarDatasetDefinition" namespace="Earls\RhinoReportBundle\Entity">
          <metrics methods="3" coveredmethods="0" conditionals="0" coveredconditionals="0" statements="4" coveredstatements="0" elements="7" coveredelements="0"/>
        </class>
        <line num="58" type="method" name="__construct" crap="2" count="0"/>
        <line num="61" type="stmt" count="0"/>
        <line num="63" type="method" name="getId" crap="2" count="0"/>
        <line num="64" type="stmt" count="0"/>
        <line num="67" type="method" name="setParent" crap="2" count="0"/>
        <line num="69" type="stmt" count="0"/>
        <line num="70" type="stmt" count="0"/>
        <metrics loc="71" ncloc="31" classes="1" methods="3" coveredmethods="0" conditionals="0" coveredconditionals="0" statements="4" coveredstatements="0" elements="7" coveredelements="0"/>
      </file>
      <file name="/home/ubuntu/workspace/Earls/RhinoReport/Entity/RhnBarDefinition.php">
        <class name="RhnBarDefinition" namespace="Earls\RhinoReportBundle\Entity">
          <metrics methods="4" coveredmethods="0" conditionals="0" coveredconditionals="0" statements="8" coveredstatements="0" elements="12" coveredelements="0"/>
        </class>
        <line num="84" type="method" name="__construct" crap="2" count="0"/>
        <line num="87" type="stmt" count="0"/>
        <line num="89" type="method" name="getId" crap="2" count="0"/>
        <line num="90" type="stmt" count="0"/>
        <line num="93" type="method" name="addDataset" crap="2" count="0"/>
        <line num="95" type="stmt" count="0"/>
        <line num="97" type="stmt" count="0"/>
        <line num="100" type="method" name="setParent" crap="6" count="0"/>
        <line num="102" type="stmt" count="0"/>
        <line num="103" type="stmt" count="0"/>
        <line num="104" type="stmt" count="0"/>
        <line num="107" type="stmt" count="0"/>
        <metrics loc="108" ncloc="47" classes="1" methods="4" coveredmethods="0" conditionals="0" coveredconditionals="0" statements="8" coveredstatements="0" elements="12" coveredelements="0"/>
      </file>
      <file name="/home/ubuntu/workspace/Earls/RhinoReport/Entity/RhnReportDefinition.php">
        <class name="RhnReportDefinition" namespace="Earls\RhinoReportBundle\Entity">
          <metrics methods="5" coveredmethods="3" conditionals="0" coveredconditionals="0" statements="19" coveredstatements="13" elements="24" coveredelements="16"/>
        </class>
        <line num="62" type="method" name="__construct" crap="1" count="2"/>
        <line num="64" type="stmt" count="2"/>
        <line num="66" type="stmt" count="2"/>
        <line num="67" type="stmt" count="2"/>
        <line num="69" type="method" name="getId" crap="2" count="0"/>
        <line num="71" type="stmt" count="0"/>
        <line num="74" type="method" name="addItem" crap="6" count="0"/>
        <line num="76" type="stmt" count="0"/>
        <line num="78" type="stmt" count="0"/>
        <line num="79" type="stmt" count="0"/>
        <line num="81" type="stmt" count="0"/>
        <line num="83" type="stmt" count="0"/>
        <line num="86" type="method" name="getItems" crap="2" count="2"/>
        <line num="88" type="stmt" count="2"/>
        <line num="89" type="stmt" count="2"/>
        <line num="90" type="stmt" count="2"/>
        <line num="91" type="stmt" count="2"/>
        <line num="92" type="stmt" count="2"/>
        <line num="93" type="stmt" count="2"/>
        <line num="94" type="stmt" count="2"/>
        <line num="97" type="method" name="addFilter" crap="1" count="2"/>
        <line num="99" type="stmt" count="2"/>
        <line num="100" type="stmt" count="2"/>
        <line num="102" type="stmt" count="2"/>
        <metrics loc="103" ncloc="68" classes="1" methods="5" coveredmethods="3" conditionals="0" coveredconditionals="0" statements="19" coveredstatements="13" elements="24" coveredelements="16"/>
      </file>
      <file name="/home/ubuntu/workspace/Earls/RhinoReport/Entity/RhnReportFilter.php">
        <class name="RhnReportFilter" namespace="Earls\RhinoReportBundle\Entity">
          <metrics methods="2" coveredmethods="1" conditionals="0" coveredconditionals="0" statements="2" coveredstatements="1" elements="4" coveredelements="2"/>
        </class>
        <line num="58" type="method" name="__construct" crap="1" count="2"/>
        <line num="60" type="stmt" count="2"/>
        <line num="62" type="method" name="getId" crap="2" count="0"/>
        <line num="63" type="stmt" count="0"/>
        <metrics loc="64" ncloc="24" classes="1" methods="2" coveredmethods="1" conditionals="0" coveredconditionals="0" statements="2" coveredstatements="1" elements="4" coveredelements="2"/>
      </file>
      <file name="/home/ubuntu/workspace/Earls/RhinoReport/Entity/RhnTblColumnDefinition.php">
        <class name="RhnTblColumnDefinition" namespace="Earls\RhinoReportBundle\Entity">
          <metrics methods="2" coveredmethods="0" conditionals="0" coveredconditionals="0" statements="5" coveredstatements="2" elements="7" coveredelements="2"/>
        </class>
        <line num="100" type="method" name="getId" crap="2" count="0"/>
        <line num="102" type="stmt" count="0"/>
        <line num="105" type="method" name="setParent" crap="2.50" count="2"/>
        <line num="107" type="stmt" count="2"/>
        <line num="108" type="stmt" count="0"/>
        <line num="109" type="stmt" count="0"/>
        <line num="112" type="stmt" count="2"/>
        <metrics loc="113" ncloc="41" classes="1" methods="2" coveredmethods="0" conditionals="0" coveredconditionals="0" statements="5" coveredstatements="2" elements="7" coveredelements="2"/>
      </file>
      <file name="/home/ubuntu/workspace/Earls/RhinoReport/Entity/RhnTblGroupDefinition.php">
        <class name="RhnTblGroupDefinition" namespace="Earls\RhinoReportBundle\Entity">
          <metrics methods="15" coveredmethods="9" conditionals="0" coveredconditionals="0" statements="56" coveredstatements="32" elements="71" coveredelements="41"/>
        </class>
        <line num="123" type="method" name="__construct" crap="1" count="2"/>
        <line num="125" type="stmt" count="2"/>
        <line num="126" type="stmt" count="2"/>
        <line num="127" type="stmt" count="2"/>
        <line num="128" type="stmt" count="2"/>
        <line num="130" type="method" name="getId" crap="2" count="0"/>
        <line num="132" type="stmt" count="0"/>
        <line num="135" type="method" name="addGroup" crap="1" count="2"/>
        <line num="137" type="stmt" count="2"/>
        <line num="138" type="stmt" count="2"/>
        <line num="139" type="stmt" count="2"/>
        <line num="140" type="stmt" count="2"/>
        <line num="142" type="stmt" count="2"/>
        <line num="145" type="method" name="addRow" crap="1" count="2"/>
        <line num="147" type="stmt" count="2"/>
        <line num="148" type="stmt" count="2"/>
        <line num="149" type="stmt" count="2"/>
        <line num="150" type="stmt" count="2"/>
        <line num="152" type="stmt" count="2"/>
        <line num="155" type="method" name="setParent" crap="4.43" count="2"/>
        <line num="157" type="stmt" count="2"/>
        <line num="158" type="stmt" count="0"/>
        <line num="159" type="stmt" count="0"/>
        <line num="160" type="stmt" count="0"/>
        <line num="162" type="stmt" count="2"/>
        <line num="163" type="stmt" count="2"/>
        <line num="164" type="stmt" count="2"/>
        <line num="165" type="stmt" count="2"/>
        <line num="166" type="stmt" count="2"/>
        <line num="168" type="stmt" count="2"/>
        <line num="171" type="method" name="getParent" crap="2" count="2"/>
        <line num="173" type="stmt" count="2"/>
        <line num="176" type="method" name="removeNotFromList" crap="2" count="0"/>
        <line num="178" type="stmt" count="0"/>
        <line num="179" type="stmt" count="0"/>
        <line num="180" type="stmt" count="0"/>
        <line num="183" type="method" name="removeGroupNotFromList" crap="12" count="0"/>
        <line num="185" type="stmt" count="0"/>
        <line num="186" type="stmt" count="0"/>
        <line num="187" type="stmt" count="0"/>
        <line num="188" type="stmt" count="0"/>
        <line num="189" type="stmt" count="0"/>
        <line num="190" type="stmt" count="0"/>
        <line num="191" type="stmt" count="0"/>
        <line num="192" type="stmt" count="0"/>
        <line num="195" type="method" name="removeRowNotFromList" crap="12" count="0"/>
        <line num="197" type="stmt" count="0"/>
        <line num="198" type="stmt" count="0"/>
        <line num="199" type="stmt" count="0"/>
        <line num="200" type="stmt" count="0"/>
        <line num="201" type="stmt" count="0"/>
        <line num="202" type="stmt" count="0"/>
        <line num="203" type="stmt" count="0"/>
        <line num="204" type="stmt" count="0"/>
        <line num="207" type="method" name="getItems" crap="3" count="2"/>
        <line num="209" type="stmt" count="2"/>
        <line num="210" type="method" name="anonymous function" crap="3.04" count="2"/>
        <line num="211" type="stmt" count="2"/>
        <line num="212" type="stmt" count="2"/>
        <line num="213" type="stmt" count="2"/>
        <line num="214" type="stmt" count="2"/>
        <line num="216" type="stmt" count="0"/>
        <line num="217" type="stmt" count="2"/>
        <line num="218" type="stmt" count="2"/>
        <line num="220" type="stmt" count="2"/>
        <line num="223" type="method" name="getRhnTblGroupDefinitions" crap="1" count="2"/>
        <line num="225" type="stmt" count="2"/>
        <line num="228" type="method" name="getRhnTblRowDefinitions" crap="1" count="2"/>
        <line num="230" type="stmt" count="2"/>
        <line num="233" type="method" name="getRhnTblGroupDefinition" crap="1" count="2"/>
        <line num="235" type="stmt" count="2"/>
        <line num="238" type="method" name="getRhnTblMainDefinition" crap="1" count="2"/>
        <line num="240" type="stmt" count="2"/>
        <metrics loc="241" ncloc="153" classes="1" methods="15" coveredmethods="9" conditionals="0" coveredconditionals="0" statements="58" coveredstatements="34" elements="73" coveredelements="43"/>
      </file>
      <file name="/home/ubuntu/workspace/Earls/RhinoReport/Entity/RhnTblHeadDefinition.php">
        <class name="RhnTblHeadDefinition" namespace="Earls\RhinoReportBundle\Entity">
          <metrics methods="1" coveredmethods="0" conditionals="0" coveredconditionals="0" statements="1" coveredstatements="0" elements="2" coveredelements="0"/>
        </class>
        <line num="52" type="method" name="getId" crap="2" count="0"/>
        <line num="54" type="stmt" count="0"/>
        <metrics loc="55" ncloc="20" classes="1" methods="1" coveredmethods="0" conditionals="0" coveredconditionals="0" statements="1" coveredstatements="0" elements="2" coveredelements="0"/>
      </file>
      <file name="/home/ubuntu/workspace/Earls/RhinoReport/Entity/RhnTblMainDefinition.php">
        <class name="RhnTblMainDefinition" namespace="Earls\RhinoReportBundle\Entity">
          <metrics methods="6" coveredmethods="4" conditionals="0" coveredconditionals="0" statements="19" coveredstatements="16" elements="25" coveredelements="20"/>
        </class>
        <line num="75" type="method" name="getId" crap="2" count="0"/>
        <line num="77" type="stmt" count="0"/>
        <line num="80" type="method" name="setHeadDefinition" crap="1" count="2"/>
        <line num="82" type="stmt" count="2"/>
        <line num="83" type="stmt" count="2"/>
        <line num="86" type="method" name="getHeadDefinition" crap="2" count="2"/>
        <line num="88" type="stmt" count="2"/>
        <line num="89" type="stmt" count="2"/>
        <line num="90" type="stmt" count="2"/>
        <line num="91" type="stmt" count="2"/>
        <line num="92" type="stmt" count="2"/>
        <line num="95" type="method" name="setBodyDefinition" crap="1" count="2"/>
        <line num="97" type="stmt" count="2"/>
        <line num="98" type="stmt" count="2"/>
        <line num="101" type="method" name="getBodyDefinition" crap="2" count="2"/>
        <line num="103" type="stmt" count="2"/>
        <line num="104" type="stmt" count="2"/>
        <line num="105" type="stmt" count="2"/>
        <line num="106" type="stmt" count="2"/>
        <line num="107" type="stmt" count="2"/>
        <line num="110" type="method" name="setParent" crap="2.50" count="2"/>
        <line num="112" type="stmt" count="2"/>
        <line num="113" type="stmt" count="0"/>
        <line num="114" type="stmt" count="0"/>
        <line num="117" type="stmt" count="2"/>
        <metrics loc="118" ncloc="65" classes="1" methods="6" coveredmethods="4" conditionals="0" coveredconditionals="0" statements="19" coveredstatements="16" elements="25" coveredelements="20"/>
      </file>
      <file name="/home/ubuntu/workspace/Earls/RhinoReport/Entity/RhnTblRowDefinition.php">
        <class name="RhnTblRowDefinition" namespace="Earls\RhinoReportBundle\Entity">
          <metrics methods="6" coveredmethods="1" conditionals="0" coveredconditionals="0" statements="23" coveredstatements="6" elements="29" coveredelements="7"/>
        </class>
        <line num="86" type="method" name="getId" crap="2" count="0"/>
        <line num="88" type="stmt" count="0"/>
        <line num="91" type="method" name="createAndAddColumn" crap="1" count="2"/>
        <line num="93" type="stmt" count="2"/>
        <line num="94" type="stmt" count="2"/>
        <line num="95" type="stmt" count="2"/>
        <line num="97" type="stmt" count="2"/>
        <line num="100" type="method" name="addColumn" crap="2" count="0"/>
        <line num="102" type="stmt" count="0"/>
        <line num="103" type="stmt" count="0"/>
        <line num="105" type="stmt" count="0"/>
        <line num="108" type="method" name="setColumns" crap="2" count="0"/>
        <line num="110" type="stmt" count="0"/>
        <line num="112" type="stmt" count="0"/>
        <line num="114" type="stmt" count="0"/>
        <line num="116" type="stmt" count="0"/>
        <line num="119" type="method" name="removeColumnsNotFromList" crap="12" count="0"/>
        <line num="122" type="stmt" count="0"/>
        <line num="123" type="stmt" count="0"/>
        <line num="124" type="stmt" count="0"/>
        <line num="125" type="stmt" count="0"/>
        <line num="126" type="stmt" count="0"/>
        <line num="127" type="stmt" count="0"/>
        <line num="128" type="stmt" count="0"/>
        <line num="131" type="method" name="setParent" crap="2.50" count="2"/>
        <line num="133" type="stmt" count="2"/>
        <line num="134" type="stmt" count="0"/>
        <line num="135" type="stmt" count="0"/>
        <line num="138" type="stmt" count="2"/>
        <metrics loc="139" ncloc="78" classes="1" methods="6" coveredmethods="1" conditionals="0" coveredconditionals="0" statements="23" coveredstatements="6" elements="29" coveredelements="7"/>
      </file>
    </package>
    <package name="Earls\RhinoReportBundle\Model\Helper">
      <file name="/home/ubuntu/workspace/Earls/RhinoReport/Model/Helper/ArrayHelper.php">
        <class name="ArrayHelper" namespace="Earls\RhinoReportBundle\Model\Helper">
          <metrics methods="2" coveredmethods="0" conditionals="0" coveredconditionals="0" statements="39" coveredstatements="0" elements="41" coveredelements="0"/>
        </class>
        <line num="14" type="method" name="displayArrayDebug" crap="30" count="0"/>
        <line num="16" type="stmt" count="0"/>
        <line num="17" type="stmt" count="0"/>
        <line num="20" type="stmt" count="0"/>
        <line num="21" type="stmt" count="0"/>
        <line num="22" type="stmt" count="0"/>
        <line num="23" type="stmt" count="0"/>
        <line num="24" type="stmt" count="0"/>
        <line num="25" type="stmt" count="0"/>
        <line num="26" type="stmt" count="0"/>
        <line num="27" type="stmt" count="0"/>
        <line num="28" type="stmt" count="0"/>
        <line num="29" type="stmt" count="0"/>
        <line num="30" type="stmt" count="0"/>
        <line num="31" type="stmt" count="0"/>
        <line num="32" type="stmt" count="0"/>
        <line num="33" type="stmt" count="0"/>
        <line num="34" type="stmt" count="0"/>
        <line num="35" type="stmt" count="0"/>
        <line num="36" type="stmt" count="0"/>
        <line num="37" type="stmt" count="0"/>
        <line num="38" type="stmt" count="0"/>
        <line num="39" type="stmt" count="0"/>
        <line num="40" type="stmt" count="0"/>
        <line num="41" type="stmt" count="0"/>
        <line num="43" type="stmt" count="0"/>
        <line num="46" type="method" name="getValueToString" crap="42" count="0"/>
        <line num="48" type="stmt" count="0"/>
        <line num="49" type="stmt" count="0"/>
        <line num="50" type="stmt" count="0"/>
        <line num="51" type="stmt" count="0"/>
        <line num="52" type="stmt" count="0"/>
        <line num="53" type="stmt" count="0"/>
        <line num="54" type="stmt" count="0"/>
        <line num="55" type="stmt" count="0"/>
        <line num="56" type="stmt" count="0"/>
        <line num="58" type="stmt" count="0"/>
        <line num="59" type="stmt" count="0"/>
        <line num="60" type="stmt" count="0"/>
        <line num="61" type="stmt" count="0"/>
        <line num="64" type="stmt" count="0"/>
        <metrics loc="67" ncloc="61" classes="1" methods="2" coveredmethods="0" conditionals="0" coveredconditionals="0" statements="39" coveredstatements="0" elements="41" coveredelements="0"/>
      </file>
    </package>
    <package name="Earls\RhinoReportBundle\Module\Bar\BarObject">
      <file name="/home/ubuntu/workspace/Earls/RhinoReport/Module/Bar/BarObject/Bar.php">
        <class name="Bar" namespace="Earls\RhinoReportBundle\Module\Bar\BarObject">
          <metrics methods="7" coveredmethods="5" conditionals="0" coveredconditionals="0" statements="13" coveredstatements="11" elements="20" coveredelements="16"/>
        </class>
        <line num="20" type="method" name="__construct" crap="1" count="1"/>
        <line num="22" type="stmt" count="1"/>
        <line num="23" type="stmt" count="1"/>
        <line num="25" type="method" name="setLabels" crap="1" count="1"/>
        <line num="27" type="stmt" count="1"/>
        <line num="28" type="stmt" count="1"/>
        <line num="31" type="method" name="getLabels" crap="1" count="1"/>
        <line num="33" type="stmt" count="1"/>
        <line num="36" type="method" name="getDatasets" crap="2" count="0"/>
        <line num="38" type="stmt" count="0"/>
        <line num="41" type="method" name="addDataset" crap="1" count="1"/>
        <line num="43" type="stmt" count="1"/>
        <line num="45" type="stmt" count="1"/>
        <line num="48" type="method" name="setDatasets" crap="2" count="1"/>
        <line num="50" type="stmt" count="1"/>
        <line num="51" type="stmt" count="1"/>
        <line num="52" type="stmt" count="1"/>
        <line num="54" type="stmt" count="1"/>
        <line num="57" type="method" name="getType" crap="2" count="0"/>
        <line num="59" type="stmt" count="0"/>
        <metrics loc="62" ncloc="57" classes="1" methods="7" coveredmethods="5" conditionals="0" coveredconditionals="0" statements="13" coveredstatements="11" elements="20" coveredelements="16"/>
      </file>
      <file name="/home/ubuntu/workspace/Earls/RhinoReport/Module/Bar/BarObject/Dataset.php">
        <class name="Dataset" namespace="Earls\RhinoReportBundle\Module\Bar\BarObject">
          <metrics methods="8" coveredmethods="4" conditionals="0" coveredconditionals="0" statements="15" coveredstatements="10" elements="23" coveredelements="14"/>
        </class>
        <line num="19" type="method" name="__construct" crap="1" count="1"/>
        <line num="21" type="stmt" count="1"/>
        <line num="22" type="stmt" count="1"/>
        <line num="23" type="stmt" count="1"/>
        <line num="24" type="stmt" count="1"/>
        <line num="26" type="method" name="setOptions" crap="1" count="1"/>
        <line num="28" type="stmt" count="1"/>
        <line num="30" type="stmt" count="1"/>
        <line num="33" type="method" name="setData" crap="1" count="1"/>
        <line num="35" type="stmt" count="1"/>
        <line num="36" type="stmt" count="1"/>
        <line num="39" type="method" name="setLabel" crap="1" count="1"/>
        <line num="41" type="stmt" count="1"/>
        <line num="42" type="stmt" count="1"/>
        <line num="45" type="method" name="getOptions" crap="2" count="0"/>
        <line num="47" type="stmt" count="0"/>
        <line num="50" type="method" name="getData" crap="2" count="0"/>
        <line num="52" type="stmt" count="0"/>
        <line num="55" type="method" name="getLabel" crap="2" count="0"/>
        <line num="57" type="stmt" count="0"/>
        <line num="60" type="method" name="setDefaultOptions" crap="2" count="0"/>
        <line num="62" type="stmt" count="0"/>
        <line num="64" type="stmt" count="0"/>
        <metrics loc="67" ncloc="62" classes="1" methods="8" coveredmethods="4" conditionals="0" coveredconditionals="0" statements="15" coveredstatements="10" elements="23" coveredelements="14"/>
      </file>
    </package>
    <package name="Earls\RhinoReportBundle\Module\Bar\Definition">
      <file name="/home/ubuntu/workspace/Earls/RhinoReport/Module/Bar/Definition/BarDefinition.php">
        <class name="BarDefinition" namespace="Earls\RhinoReportBundle\Module\Bar\Definition">
          <metrics methods="10" coveredmethods="7" conditionals="0" coveredconditionals="0" statements="18" coveredstatements="11" elements="28" coveredelements="18"/>
        </class>
        <line num="22" type="method" name="__construct" crap="1" count="3"/>
        <line num="24" type="stmt" count="3"/>
        <line num="25" type="stmt" count="3"/>
        <line num="27" type="method" name="setOptions" crap="2" count="0"/>
        <line num="29" type="stmt" count="0"/>
        <line num="31" type="stmt" count="0"/>
        <line num="34" type="method" name="setLabelColumn" crap="1" count="2"/>
        <line num="36" type="stmt" count="2"/>
        <line num="38" type="stmt" count="2"/>
        <line num="41" type="method" name="getOptions" crap="2" count="0"/>
        <line num="43" type="stmt" count="0"/>
        <line num="46" type="method" name="getLabelColumn" crap="1" count="1"/>
        <line num="48" type="stmt" count="1"/>
        <line num="51" type="method" name="getDatasets" crap="1" count="1"/>
        <line num="53" type="stmt" count="1"/>
        <line num="56" type="method" name="setDatasets" crap="6" count="0"/>
        <line num="58" type="stmt" count="0"/>
        <line num="59" type="stmt" count="0"/>
        <line num="60" type="stmt" count="0"/>
        <line num="61" type="stmt" count="0"/>
        <line num="64" type="method" name="addDataset" crap="1" count="2"/>
        <line num="66" type="stmt" count="2"/>
        <line num="68" type="stmt" count="2"/>
        <line num="71" type="method" name="getObjectFactory" crap="1" count="1"/>
        <line num="73" type="stmt" count="1"/>
        <line num="76" type="method" name="setObjectFactory" crap="1" count="3"/>
        <line num="78" type="stmt" count="3"/>
        <line num="79" type="stmt" count="3"/>
        <metrics loc="82" ncloc="77" classes="1" methods="10" coveredmethods="7" conditionals="0" coveredconditionals="0" statements="18" coveredstatements="11" elements="28" coveredelements="18"/>
      </file>
      <file name="/home/ubuntu/workspace/Earls/RhinoReport/Module/Bar/Definition/BarDefinitionBuilder.php">
        <class name="BarDefinitionBuilder" namespace="Earls\RhinoReportBundle\Module\Bar\Definition">
          <metrics methods="6" coveredmethods="4" conditionals="0" coveredconditionals="0" statements="14" coveredstatements="10" elements="20" coveredelements="14"/>
        </class>
        <line num="13" type="method" name="label" crap="1" count="2"/>
        <line num="15" type="stmt" count="2"/>
        <line num="17" type="stmt" count="2"/>
        <line num="20" type="method" name="dataset" crap="1" count="2"/>
        <line num="22" type="stmt" count="2"/>
        <line num="24" type="stmt" count="2"/>
        <line num="26" type="stmt" count="2"/>
        <line num="29" type="method" name="position" crap="1" count="2"/>
        <line num="31" type="stmt" count="2"/>
        <line num="33" type="stmt" count="2"/>
        <line num="36" type="method" name="template" crap="2" count="0"/>
        <line num="38" type="stmt" count="0"/>
        <line num="40" type="stmt" count="0"/>
        <line num="43" type="method" name="end" crap="2.50" count="2"/>
        <line num="45" type="stmt" count="2"/>
        <line num="46" type="stmt" count="2"/>
        <line num="48" type="stmt" count="0"/>
        <line num="50" type="stmt" count="0"/>
        <line num="53" type="method" name="build" crap="1" count="2"/>
        <line num="55" type="stmt" count="2"/>
        <metrics loc="58" ncloc="55" classes="1" methods="6" coveredmethods="4" conditionals="0" coveredconditionals="0" statements="14" coveredstatements="10" elements="20" coveredelements="14"/>
      </file>
      <file name="/home/ubuntu/workspace/Earls/RhinoReport/Module/Bar/Definition/DatasetDefinition.php">
        <class name="DatasetDefinition" namespace="Earls\RhinoReportBundle\Module\Bar\Definition">
          <metrics methods="7" coveredmethods="7" conditionals="0" coveredconditionals="0" statements="13" coveredstatements="13" elements="20" coveredelements="20"/>
        </class>
        <line num="17" type="method" name="__construct" crap="1" count="2"/>
        <line num="19" type="stmt" count="2"/>
        <line num="20" type="stmt" count="2"/>
        <line num="21" type="stmt" count="2"/>
        <line num="22" type="stmt" count="2"/>
        <line num="24" type="method" name="getOptions" crap="1" count="1"/>
        <line num="26" type="stmt" count="1"/>
        <line num="29" type="method" name="getLabelColumn" crap="1" count="1"/>
        <line num="31" type="stmt" count="1"/>
        <line num="34" type="method" name="getDataColumn" crap="1" count="1"/>
        <line num="36" type="stmt" count="1"/>
        <line num="39" type="method" name="setOptions" crap="1" count="2"/>
        <line num="41" type="stmt" count="2"/>
        <line num="42" type="stmt" count="2"/>
        <line num="45" type="method" name="setLabelColumn" crap="1" count="2"/>
        <line num="47" type="stmt" count="2"/>
        <line num="48" type="stmt" count="2"/>
        <line num="51" type="method" name="setDataColumn" crap="1" count="2"/>
        <line num="53" type="stmt" count="2"/>
        <line num="54" type="stmt" count="2"/>
        <metrics loc="57" ncloc="52" classes="1" methods="7" coveredmethods="7" conditionals="0" coveredconditionals="0" statements="13" coveredstatements="13" elements="20" coveredelements="20"/>
      </file>
    </package>
    <package name="Earls\RhinoReportBundle\Module\Bar\Factory">
      <file name="/home/ubuntu/workspace/Earls/RhinoReport/Module/Bar/Factory/BarFactory.php">
        <class name="BarFactory" namespace="Earls\RhinoReportBundle\Module\Bar\Factory">
          <metrics methods="8" coveredmethods="6" conditionals="0" coveredconditionals="0" statements="67" coveredstatements="65" elements="75" coveredelements="71"/>
        </class>
        <line num="22" type="method" name="build" crap="1" count="1"/>
        <line num="24" type="stmt" count="1"/>
        <line num="25" type="stmt" count="1"/>
        <line num="27" type="stmt" count="1"/>
        <line num="29" type="stmt" count="1"/>
        <line num="32" type="method" name="createBarObject" crap="4" count="1"/>
        <line num="34" type="stmt" count="1"/>
        <line num="35" type="stmt" count="1"/>
        <line num="36" type="stmt" count="1"/>
        <line num="38" type="stmt" count="1"/>
        <line num="39" type="stmt" count="1"/>
        <line num="40" type="stmt" count="1"/>
        <line num="42" type="stmt" count="1"/>
        <line num="43" type="stmt" count="1"/>
        <line num="44" type="stmt" count="1"/>
        <line num="45" type="stmt" count="1"/>
        <line num="46" type="stmt" count="1"/>
        <line num="47" type="stmt" count="1"/>
        <line num="48" type="stmt" count="1"/>
        <line num="49" type="stmt" count="1"/>
        <line num="50" type="stmt" count="1"/>
        <line num="51" type="stmt" count="1"/>
        <line num="52" type="stmt" count="1"/>
        <line num="53" type="stmt" count="1"/>
        <line num="54" type="stmt" count="1"/>
        <line num="56" type="stmt" count="1"/>
        <line num="59" type="method" name="getTransformedData" crap="4" count="1"/>
        <line num="61" type="stmt" count="1"/>
        <line num="62" type="stmt" count="1"/>
        <line num="64" type="stmt" count="1"/>
        <line num="65" type="method" name="anonymous function" crap="1" count="1"/>
        <line num="66" type="stmt" count="1"/>
        <line num="67" type="stmt" count="1"/>
        <line num="68" type="stmt" count="1"/>
        <line num="70" type="stmt" count="1"/>
        <line num="71" type="stmt" count="1"/>
        <line num="72" type="stmt" count="1"/>
        <line num="73" type="stmt" count="1"/>
        <line num="74" type="stmt" count="1"/>
        <line num="75" type="stmt" count="1"/>
        <line num="76" type="stmt" count="1"/>
        <line num="77" type="stmt" count="1"/>
        <line num="78" type="stmt" count="1"/>
        <line num="80" type="stmt" count="1"/>
        <line num="83" type="method" name="sumUpData" crap="2" count="0"/>
        <line num="86" type="stmt" count="0"/>
        <line num="89" type="method" name="getLabelsFromData" crap="1" count="1"/>
        <line num="91" type="stmt" count="1"/>
        <line num="93" type="stmt" count="1"/>
        <line num="96" type="method" name="getDataManipulator" crap="2.15" count="1"/>
        <line num="98" type="stmt" count="1"/>
        <line num="99" type="stmt" count="1"/>
        <line num="102" type="stmt" count="0"/>
        <line num="105" type="method" name="getDefaultOptionsDatasetColors" crap="1" count="1"/>
        <line num="109" type="stmt" count="1"/>
        <line num="110" type="stmt" count="1"/>
        <line num="111" type="stmt" count="1"/>
        <line num="112" type="stmt" count="1"/>
        <line num="113" type="stmt" count="1"/>
        <line num="115" type="stmt" count="1"/>
        <line num="116" type="stmt" count="1"/>
        <line num="117" type="stmt" count="1"/>
        <line num="118" type="stmt" count="1"/>
        <line num="119" type="stmt" count="1"/>
        <line num="121" type="stmt" count="1"/>
        <line num="122" type="stmt" count="1"/>
        <line num="123" type="stmt" count="1"/>
        <line num="124" type="stmt" count="1"/>
        <line num="125" type="stmt" count="1"/>
        <line num="127" type="stmt" count="1"/>
        <line num="128" type="stmt" count="1"/>
        <line num="129" type="stmt" count="1"/>
        <line num="130" type="stmt" count="1"/>
        <line num="131" type="stmt" count="1"/>
        <line num="133" type="stmt" count="1"/>
        <line num="134" type="stmt" count="1"/>
        <line num="135" type="stmt" count="1"/>
        <line num="136" type="stmt" count="1"/>
        <line num="137" type="stmt" count="1"/>
        <line num="139" type="stmt" count="1"/>
        <line num="140" type="stmt" count="1"/>
        <line num="141" type="stmt" count="1"/>
        <line num="142" type="stmt" count="1"/>
        <line num="143" type="stmt" count="1"/>
        <line num="144" type="stmt" count="1"/>
        <line num="145" type="stmt" count="1"/>
        <metrics loc="148" ncloc="143" classes="1" methods="8" coveredmethods="6" conditionals="0" coveredconditionals="0" statements="78" coveredstatements="76" elements="86" coveredelements="82"/>
      </file>
    </package>
    <package name="Earls\RhinoReportBundle\Module\Bar\Templating\DefaultTemplate\Generator">
      <file name="/home/ubuntu/workspace/Earls/RhinoReport/Module/Bar/Templating/DefaultTemplate/Generator/HtmlBarTemplateGenerator.php">
        <class name="HtmlBarTemplateGenerator" namespace="Earls\RhinoReportBundle\Module\Bar\Templating\DefaultTemplate\Generator">
          <metrics methods="2" coveredmethods="0" conditionals="0" coveredconditionals="0" statements="9" coveredstatements="0" elements="11" coveredelements="0"/>
        </class>
        <line num="13" type="method" name="getResponse" crap="2" count="0"/>
        <line num="15" type="stmt" count="0"/>
        <line num="18" type="method" name="getData" crap="6" count="0"/>
        <line num="20" type="stmt" count="0"/>
        <line num="21" type="stmt" count="0"/>
        <line num="22" type="stmt" count="0"/>
        <line num="23" type="stmt" count="0"/>
        <line num="24" type="stmt" count="0"/>
        <line num="25" type="stmt" count="0"/>
        <line num="26" type="stmt" count="0"/>
        <line num="28" type="stmt" count="0"/>
        <metrics loc="31" ncloc="31" classes="1" methods="2" coveredmethods="0" conditionals="0" coveredconditionals="0" statements="9" coveredstatements="0" elements="11" coveredelements="0"/>
      </file>
    </package>
    <package name="Earls\RhinoReportBundle\Module\Table\Actions\GroupAction\Column">
      <file name="/home/ubuntu/workspace/Earls/RhinoReport/Module/Table/Actions/GroupAction/Column/GroupAction.php">
        <class name="GroupAction" namespace="Earls\RhinoReportBundle\Module\Table\Actions\GroupAction\Column">
          <metrics methods="6" coveredmethods="2" conditionals="0" coveredconditionals="0" statements="12" coveredstatements="7" elements="18" coveredelements="9"/>
        </class>
        <line num="20" type="method" name="setParameters" crap="1" count="1"/>
        <line num="22" type="stmt" count="1"/>
        <line num="23" type="stmt" count="1"/>
        <line num="25" type="stmt" count="1"/>
        <line num="27" type="stmt" count="1"/>
        <line num="30" type="method" name="setOptions" crap="1" count="1"/>
        <line num="32" type="stmt" count="1"/>
        <line num="33" type="stmt" count="1"/>
        <line num="35" type="stmt" count="1"/>
        <line num="38" type="method" name="getOptions" crap="2" count="0"/>
        <line num="40" type="stmt" count="0"/>
        <line num="43" type="method" name="getData" crap="2" count="0"/>
        <line num="45" type="stmt" count="0"/>
        <line num="48" type="method" name="getDependences" crap="2" count="0"/>
        <line num="50" type="stmt" count="0"/>
        <line num="53" type="method" name="setDependences" crap="2" count="0"/>
        <line num="55" type="stmt" count="0"/>
        <line num="57" type="stmt" count="0"/>
        <metrics loc="60" ncloc="54" classes="1" methods="6" coveredmethods="2" conditionals="0" coveredconditionals="0" statements="12" coveredstatements="7" elements="18" coveredelements="9"/>
      </file>
      <file name="/home/ubuntu/workspace/Earls/RhinoReport/Module/Table/Actions/GroupAction/Column/MaxGroupAction.php">
        <class name="MaxGroupAction" namespace="Earls\RhinoReportBundle\Module\Table\Actions\GroupAction\Column">
          <metrics methods="3" coveredmethods="0" conditionals="0" coveredconditionals="0" statements="17" coveredstatements="0" elements="20" coveredelements="0"/>
        </class>
        <line num="17" type="method" name="__construct" crap="2" count="0"/>
        <line num="19" type="stmt" count="0"/>
        <line num="20" type="stmt" count="0"/>
        <line num="22" type="method" name="setData" crap="20" count="0"/>
        <line num="24" type="stmt" count="0"/>
        <line num="25" type="stmt" count="0"/>
        <line num="27" type="stmt" count="0"/>
        <line num="29" type="stmt" count="0"/>
        <line num="30" type="stmt" count="0"/>
        <line num="31" type="stmt" count="0"/>
        <line num="32" type="stmt" count="0"/>
        <line num="34" type="stmt" count="0"/>
        <line num="35" type="stmt" count="0"/>
        <line num="36" type="stmt" count="0"/>
        <line num="37" type="stmt" count="0"/>
        <line num="38" type="stmt" count="0"/>
        <line num="40" type="stmt" count="0"/>
        <line num="43" type="method" name="getOptions" crap="2" count="0"/>
        <line num="46" type="stmt" count="0"/>
        <line num="48" type="stmt" count="0"/>
        <metrics loc="51" ncloc="47" classes="1" methods="3" coveredmethods="0" conditionals="0" coveredconditionals="0" statements="17" coveredstatements="0" elements="20" coveredelements="0"/>
      </file>
      <file name="/home/ubuntu/workspace/Earls/RhinoReport/Module/Table/Actions/GroupAction/Column/MinGroupAction.php">
        <class name="MinGroupAction" namespace="Earls\RhinoReportBundle\Module\Table\Actions\GroupAction\Column">
          <metrics methods="3" coveredmethods="0" conditionals="0" coveredconditionals="0" statements="17" coveredstatements="0" elements="20" coveredelements="0"/>
        </class>
        <line num="17" type="method" name="__construct" crap="2" count="0"/>
        <line num="19" type="stmt" count="0"/>
        <line num="20" type="stmt" count="0"/>
        <line num="22" type="method" name="setData" crap="20" count="0"/>
        <line num="24" type="stmt" count="0"/>
        <line num="25" type="stmt" count="0"/>
        <line num="27" type="stmt" count="0"/>
        <line num="29" type="stmt" count="0"/>
        <line num="30" type="stmt" count="0"/>
        <line num="31" type="stmt" count="0"/>
        <line num="32" type="stmt" count="0"/>
        <line num="34" type="stmt" count="0"/>
        <line num="35" type="stmt" count="0"/>
        <line num="36" type="stmt" count="0"/>
        <line num="37" type="stmt" count="0"/>
        <line num="38" type="stmt" count="0"/>
        <line num="40" type="stmt" count="0"/>
        <line num="43" type="method" name="getOptions" crap="2" count="0"/>
        <line num="46" type="stmt" count="0"/>
        <line num="48" type="stmt" count="0"/>
        <metrics loc="51" ncloc="47" classes="1" methods="3" coveredmethods="0" conditionals="0" coveredconditionals="0" statements="17" coveredstatements="0" elements="20" coveredelements="0"/>
      </file>
      <file name="/home/ubuntu/workspace/Earls/RhinoReport/Module/Table/Actions/GroupAction/Column/SumGroupAction.php">
        <class name="SumGroupAction" namespace="Earls\RhinoReportBundle\Module\Table\Actions\GroupAction\Column">
          <metrics methods="3" coveredmethods="2" conditionals="0" coveredconditionals="0" statements="17" coveredstatements="14" elements="20" coveredelements="16"/>
        </class>
        <line num="17" type="method" name="__construct" crap="1" count="1"/>
        <line num="19" type="stmt" count="1"/>
        <line num="20" type="stmt" count="1"/>
        <line num="22" type="method" name="setData" crap="4.20" count="1"/>
        <line num="24" type="stmt" count="1"/>
        <line num="25" type="stmt" count="0"/>
        <line num="27" type="stmt" count="1"/>
        <line num="29" type="stmt" count="1"/>
        <line num="30" type="stmt" count="0"/>
        <line num="31" type="stmt" count="0"/>
        <line num="32" type="stmt" count="1"/>
        <line num="34" type="stmt" count="1"/>
        <line num="36" type="stmt" count="1"/>
        <line num="37" type="stmt" count="1"/>
        <line num="38" type="stmt" count="1"/>
        <line num="39" type="stmt" count="1"/>
        <line num="41" type="stmt" count="1"/>
        <line num="44" type="method" name="getOptions" crap="1" count="1"/>
        <line num="47" type="stmt" count="1"/>
        <line num="49" type="stmt" count="1"/>
        <metrics loc="52" ncloc="48" classes="1" methods="3" coveredmethods="2" conditionals="0" coveredconditionals="0" statements="17" coveredstatements="14" elements="20" coveredelements="16"/>
      </file>
    </package>
    <file name="/home/ubuntu/workspace/Earls/RhinoReport/Module/Table/Actions/GroupAction/Column/GroupActionInterface.php">
      <metrics loc="24" ncloc="20" classes="0" methods="0" coveredmethods="0" conditionals="0" coveredconditionals="0" statements="0" coveredstatements="0" elements="0" coveredelements="0"/>
    </file>
    <package name="Earls\RhinoReportBundle\Module\Table\Actions\GroupAction\Group">
      <file name="/home/ubuntu/workspace/Earls/RhinoReport/Module/Table/Actions/GroupAction/Group/GroupAction.php">
        <class name="GroupAction" namespace="Earls\RhinoReportBundle\Module\Table\Actions\GroupAction\Group">
          <metrics methods="6" coveredmethods="0" conditionals="0" coveredconditionals="0" statements="12" coveredstatements="0" elements="18" coveredelements="0"/>
        </class>
        <line num="19" type="method" name="setParameters" crap="2" count="0"/>
        <line num="21" type="stmt" count="0"/>
        <line num="22" type="stmt" count="0"/>
        <line num="24" type="stmt" count="0"/>
        <line num="26" type="stmt" count="0"/>
        <line num="29" type="method" name="setOptions" crap="2" count="0"/>
        <line num="31" type="stmt" count="0"/>
        <line num="32" type="stmt" count="0"/>
        <line num="34" type="stmt" count="0"/>
        <line num="37" type="method" name="getOptions" crap="2" count="0"/>
        <line num="39" type="stmt" count="0"/>
        <line num="42" type="method" name="setGroup" crap="2" count="0"/>
        <line num="44" type="stmt" count="0"/>
        <line num="47" type="method" name="getDependences" crap="2" count="0"/>
        <line num="49" type="stmt" count="0"/>
        <line num="52" type="method" name="setDependences" crap="2" count="0"/>
        <line num="54" type="stmt" count="0"/>
        <line num="56" type="stmt" count="0"/>
        <metrics loc="59" ncloc="51" classes="1" methods="6" coveredmethods="0" conditionals="0" coveredconditionals="0" statements="12" coveredstatements="0" elements="18" coveredelements="0"/>
      </file>
    </package>
    <file name="/home/ubuntu/workspace/Earls/RhinoReport/Module/Table/Actions/GroupAction/Group/GroupActionInterface.php">
      <metrics loc="24" ncloc="20" classes="0" methods="0" coveredmethods="0" conditionals="0" coveredconditionals="0" statements="0" coveredstatements="0" elements="0" coveredelements="0"/>
    </file>
    <package name="Earls\RhinoReportBundle\Module\Table\Actions\ItemAction\Column">
      <file name="/home/ubuntu/workspace/Earls/RhinoReport/Module/Table/Actions/ItemAction/Column/Action.php">
        <class name="Action" namespace="Earls\RhinoReportBundle\Module\Table\Actions\ItemAction\Column">
          <metrics methods="4" coveredmethods="0" conditionals="0" coveredconditionals="0" statements="10" coveredstatements="0" elements="14" coveredelements="0"/>
        </class>
        <line num="20" type="method" name="setParameters" crap="2" count="0"/>
        <line num="22" type="stmt" count="0"/>
        <line num="23" type="stmt" count="0"/>
        <line num="24" type="stmt" count="0"/>
        <line num="26" type="stmt" count="0"/>
        <line num="28" type="stmt" count="0"/>
        <line num="31" type="method" name="setOptions" crap="2" count="0"/>
        <line num="33" type="stmt" count="0"/>
        <line num="34" type="stmt" count="0"/>
        <line num="36" type="stmt" count="0"/>
        <line num="39" type="method" name="getOptions" crap="2" count="0"/>
        <line num="41" type="stmt" count="0"/>
        <line num="44" type="method" name="setData" crap="2" count="0"/>
        <line num="46" type="stmt" count="0"/>
        <metrics loc="49" ncloc="39" classes="1" methods="4" coveredmethods="0" conditionals="0" coveredconditionals="0" statements="10" coveredstatements="0" elements="14" coveredelements="0"/>
      </file>
      <file name="/home/ubuntu/workspace/Earls/RhinoReport/Module/Table/Actions/ItemAction/Column/BaseValueAction.php">
        <class name="BaseValueAction" namespace="Earls\RhinoReportBundle\Module\Table\Actions\ItemAction\Column">
          <metrics methods="3" coveredmethods="0" conditionals="0" coveredconditionals="0" statements="16" coveredstatements="0" elements="19" coveredelements="0"/>
        </class>
        <line num="17" type="method" name="setParameters" crap="2" count="0"/>
        <line num="19" type="stmt" count="0"/>
        <line num="20" type="stmt" count="0"/>
        <line num="21" type="stmt" count="0"/>
        <line num="23" type="stmt" count="0"/>
        <line num="25" type="stmt" count="0"/>
        <line num="28" type="method" name="setData" crap="12" count="0"/>
        <line num="30" type="stmt" count="0"/>
        <line num="31" type="stmt" count="0"/>
        <line num="32" type="stmt" count="0"/>
        <line num="33" type="stmt" count="0"/>
        <line num="34" type="stmt" count="0"/>
        <line num="35" type="stmt" count="0"/>
        <line num="38" type="stmt" count="0"/>
        <line num="40" type="stmt" count="0"/>
        <line num="43" type="method" name="getOptions" crap="2" count="0"/>
        <line num="46" type="stmt" count="0"/>
        <line num="47" type="stmt" count="0"/>
        <line num="48" type="stmt" count="0"/>
        <metrics loc="51" ncloc="39" classes="1" methods="3" coveredmethods="0" conditionals="0" coveredconditionals="0" statements="16" coveredstatements="0" elements="19" coveredelements="0"/>
      </file>
      <file name="/home/ubuntu/workspace/Earls/RhinoReport/Module/Table/Actions/ItemAction/Column/BasicHrefAction.php">
        <class name="BasicHrefAction" namespace="Earls\RhinoReportBundle\Module\Table\Actions\ItemAction\Column">
          <metrics methods="4" coveredmethods="0" conditionals="0" coveredconditionals="0" statements="40" coveredstatements="0" elements="44" coveredelements="0"/>
        </class>
        <line num="16" type="method" name="__construct" crap="2" count="0"/>
        <line num="18" type="stmt" count="0"/>
        <line num="19" type="stmt" count="0"/>
        <line num="21" type="method" name="setData" crap="72" count="0"/>
        <line num="23" type="stmt" count="0"/>
        <line num="24" type="stmt" count="0"/>
        <line num="26" type="stmt" count="0"/>
        <line num="27" type="stmt" count="0"/>
        <line num="28" type="stmt" count="0"/>
        <line num="29" type="stmt" count="0"/>
        <line num="30" type="stmt" count="0"/>
        <line num="31" type="stmt" count="0"/>
        <line num="33" type="stmt" count="0"/>
        <line num="34" type="stmt" count="0"/>
        <line num="35" type="stmt" count="0"/>
        <line num="36" type="stmt" count="0"/>
        <line num="37" type="stmt" count="0"/>
        <line num="38" type="stmt" count="0"/>
        <line num="40" type="stmt" count="0"/>
        <line num="41" type="stmt" count="0"/>
        <line num="45" type="stmt" count="0"/>
        <line num="46" type="stmt" count="0"/>
        <line num="48" type="stmt" count="0"/>
        <line num="49" type="stmt" count="0"/>
        <line num="50" type="stmt" count="0"/>
        <line num="51" type="stmt" count="0"/>
        <line num="52" type="stmt" count="0"/>
        <line num="53" type="stmt" count="0"/>
        <line num="55" type="stmt" count="0"/>
        <line num="58" type="method" name="getUrl" crap="6" count="0"/>
        <line num="60" type="stmt" count="0"/>
        <line num="61" type="stmt" count="0"/>
        <line num="62" type="stmt" count="0"/>
        <line num="63" type="stmt" count="0"/>
        <line num="65" type="stmt" count="0"/>
        <line num="68" type="method" name="getOptions" crap="2" count="0"/>
        <line num="71" type="stmt" count="0"/>
        <line num="72" type="stmt" count="0"/>
        <line num="73" type="stmt" count="0"/>
        <line num="74" type="stmt" count="0"/>
        <line num="75" type="stmt" count="0"/>
        <line num="76" type="stmt" count="0"/>
        <line num="77" type="stmt" count="0"/>
        <line num="80" type="stmt" count="0"/>
        <metrics loc="83" ncloc="69" classes="1" methods="4" coveredmethods="0" conditionals="0" coveredconditionals="0" statements="40" coveredstatements="0" elements="44" coveredelements="0"/>
      </file>
      <file name="/home/ubuntu/workspace/Earls/RhinoReport/Module/Table/Actions/ItemAction/Column/CalculationAction.php">
        <class name="CalculationAction" namespace="Earls\RhinoReportBundle\Module\Table\Actions\ItemAction\Column">
          <metrics methods="2" coveredmethods="0" conditionals="0" coveredconditionals="0" statements="17" coveredstatements="0" elements="19" coveredelements="0"/>
        </class>
        <line num="15" type="method" name="setData" crap="30" count="0"/>
        <line num="18" type="stmt" count="0"/>
        <line num="20" type="stmt" count="0"/>
        <line num="21" type="stmt" count="0"/>
        <line num="22" type="stmt" count="0"/>
        <line num="23" type="stmt" count="0"/>
        <line num="26" type="stmt" count="0"/>
        <line num="27" type="stmt" count="0"/>
        <line num="29" type="stmt" count="0"/>
        <line num="30" type="stmt" count="0"/>
        <line num="32" type="stmt" count="0"/>
        <line num="34" type="stmt" count="0"/>
        <line num="36" type="stmt" count="0"/>
        <line num="38" type="stmt" count="0"/>
        <line num="40" type="stmt" count="0"/>
        <line num="43" type="method" name="getOptions" crap="2" count="0"/>
        <line num="46" type="stmt" count="0"/>
        <line num="47" type="stmt" count="0"/>
        <line num="49" type="stmt" count="0"/>
        <metrics loc="52" ncloc="48" classes="1" methods="2" coveredmethods="0" conditionals="0" coveredconditionals="0" statements="17" coveredstatements="0" elements="19" coveredelements="0"/>
      </file>
      <file name="/home/ubuntu/workspace/Earls/RhinoReport/Module/Table/Actions/ItemAction/Column/CustomPhpAction.php">
        <class name="CustomPhpAction" namespace="Earls\RhinoReportBundle\Module\Table\Actions\ItemAction\Column">
          <metrics methods="2" coveredmethods="0" conditionals="0" coveredconditionals="0" statements="20" coveredstatements="0" elements="22" coveredelements="0"/>
        </class>
        <line num="21" type="method" name="setData" crap="42" count="0"/>
        <line num="23" type="stmt" count="0"/>
        <line num="24" type="stmt" count="0"/>
        <line num="27" type="stmt" count="0"/>
        <line num="28" type="stmt" count="0"/>
        <line num="29" type="stmt" count="0"/>
        <line num="30" type="stmt" count="0"/>
        <line num="31" type="stmt" count="0"/>
        <line num="32" type="stmt" count="0"/>
        <line num="34" type="stmt" count="0"/>
        <line num="35" type="stmt" count="0"/>
        <line num="36" type="stmt" count="0"/>
        <line num="38" type="stmt" count="0"/>
        <line num="40" type="stmt" count="0"/>
        <line num="42" type="stmt" count="0"/>
        <line num="44" type="stmt" count="0"/>
        <line num="47" type="method" name="getOptions" crap="2" count="0"/>
        <line num="50" type="stmt" count="0"/>
        <line num="51" type="stmt" count="0"/>
        <line num="52" type="stmt" count="0"/>
        <line num="53" type="stmt" count="0"/>
        <line num="54" type="stmt" count="0"/>
        <metrics loc="57" ncloc="42" classes="1" methods="2" coveredmethods="0" conditionals="0" coveredconditionals="0" statements="20" coveredstatements="0" elements="22" coveredelements="0"/>
      </file>
      <file name="/home/ubuntu/workspace/Earls/RhinoReport/Module/Table/Actions/ItemAction/Column/DateAddAction.php">
        <class name="DateAddAction" namespace="Earls\RhinoReportBundle\Module\Table\Actions\ItemAction\Column">
          <metrics methods="2" coveredmethods="0" conditionals="0" coveredconditionals="0" statements="10" coveredstatements="0" elements="12" coveredelements="0"/>
        </class>
        <line num="15" type="method" name="setData" crap="12" count="0"/>
        <line num="17" type="stmt" count="0"/>
        <line num="18" type="stmt" count="0"/>
        <line num="19" type="stmt" count="0"/>
        <line num="20" type="stmt" count="0"/>
        <line num="22" type="stmt" count="0"/>
        <line num="24" type="stmt" count="0"/>
        <line num="27" type="method" name="getOptions" crap="2" count="0"/>
        <line num="30" type="stmt" count="0"/>
        <line num="31" type="stmt" count="0"/>
        <line num="32" type="stmt" count="0"/>
        <line num="33" type="stmt" count="0"/>
        <metrics loc="36" ncloc="32" classes="1" methods="2" coveredmethods="0" conditionals="0" coveredconditionals="0" statements="10" coveredstatements="0" elements="12" coveredelements="0"/>
      </file>
      <file name="/home/ubuntu/workspace/Earls/RhinoReport/Module/Table/Actions/ItemAction/Column/DateFormatAction.php">
        <class name="DateFormatAction" namespace="Earls\RhinoReportBundle\Module\Table\Actions\ItemAction\Column">
          <metrics methods="2" coveredmethods="0" conditionals="0" coveredconditionals="0" statements="9" coveredstatements="0" elements="11" coveredelements="0"/>
        </class>
        <line num="15" type="method" name="setData" crap="12" count="0"/>
        <line num="17" type="stmt" count="0"/>
        <line num="18" type="stmt" count="0"/>
        <line num="19" type="stmt" count="0"/>
        <line num="20" type="stmt" count="0"/>
        <line num="22" type="stmt" count="0"/>
        <line num="24" type="stmt" count="0"/>
        <line num="27" type="method" name="getOptions" crap="2" count="0"/>
        <line num="30" type="stmt" count="0"/>
        <line num="31" type="stmt" count="0"/>
        <line num="33" type="stmt" count="0"/>
        <metrics loc="36" ncloc="32" classes="1" methods="2" coveredmethods="0" conditionals="0" coveredconditionals="0" statements="9" coveredstatements="0" elements="11" coveredelements="0"/>
      </file>
      <file name="/home/ubuntu/workspace/Earls/RhinoReport/Module/Table/Actions/ItemAction/Column/EntityFieldAction.php">
        <class name="EntityFieldAction" namespace="Earls\RhinoReportBundle\Module\Table\Actions\ItemAction\Column">
          <metrics methods="2" coveredmethods="0" conditionals="0" coveredconditionals="0" statements="10" coveredstatements="0" elements="12" coveredelements="0"/>
        </class>
        <line num="17" type="method" name="__construct" crap="2" count="0"/>
        <line num="19" type="stmt" count="0"/>
        <line num="20" type="stmt" count="0"/>
        <line num="22" type="method" name="setData" crap="12" count="0"/>
        <line num="24" type="stmt" count="0"/>
        <line num="25" type="stmt" count="0"/>
        <line num="28" type="stmt" count="0"/>
        <line num="29" type="stmt" count="0"/>
        <line num="31" type="stmt" count="0"/>
        <line num="32" type="stmt" count="0"/>
        <line num="33" type="stmt" count="0"/>
        <line num="35" type="stmt" count="0"/>
        <metrics loc="38" ncloc="32" classes="1" methods="2" coveredmethods="0" conditionals="0" coveredconditionals="0" statements="10" coveredstatements="0" elements="12" coveredelements="0"/>
      </file>
      <file name="/home/ubuntu/workspace/Earls/RhinoReport/Module/Table/Actions/ItemAction/Column/HrefAction.php">
        <class name="HrefAction" namespace="Earls\RhinoReportBundle\Module\Table\Actions\ItemAction\Column">
          <metrics methods="1" coveredmethods="0" conditionals="0" coveredconditionals="0" statements="1" coveredstatements="0" elements="2" coveredelements="0"/>
        </class>
        <line num="14" type="method" name="getUrl" crap="2" count="0"/>
        <line num="16" type="stmt" count="0"/>
        <metrics loc="19" ncloc="15" classes="1" methods="1" coveredmethods="0" conditionals="0" coveredconditionals="0" statements="1" coveredstatements="0" elements="2" coveredelements="0"/>
      </file>
      <file name="/home/ubuntu/workspace/Earls/RhinoReport/Module/Table/Actions/ItemAction/Column/LabelFieldAction.php">
        <class name="LabelFieldAction" namespace="Earls\RhinoReportBundle\Module\Table\Actions\ItemAction\Column">
          <metrics methods="2" coveredmethods="0" conditionals="0" coveredconditionals="0" statements="3" coveredstatements="0" elements="5" coveredelements="0"/>
        </class>
        <line num="14" type="method" name="setData" crap="2" count="0"/>
        <line num="16" type="stmt" count="0"/>
        <line num="18" type="stmt" count="0"/>
        <line num="21" type="method" name="getOptions" crap="2" count="0"/>
        <line num="25" type="stmt" count="0"/>
        <metrics loc="28" ncloc="24" classes="1" methods="2" coveredmethods="0" conditionals="0" coveredconditionals="0" statements="3" coveredstatements="0" elements="5" coveredelements="0"/>
      </file>
      <file name="/home/ubuntu/workspace/Earls/RhinoReport/Module/Table/Actions/ItemAction/Column/MoneyFormatAction.php">
        <class name="MoneyFormatAction" namespace="Earls\RhinoReportBundle\Module\Table\Actions\ItemAction\Column">
          <metrics methods="2" coveredmethods="0" conditionals="0" coveredconditionals="0" statements="18" coveredstatements="0" elements="20" coveredelements="0"/>
        </class>
        <line num="14" type="method" name="setData" crap="30" count="0"/>
        <line num="16" type="stmt" count="0"/>
        <line num="17" type="stmt" count="0"/>
        <line num="18" type="stmt" count="0"/>
        <line num="19" type="stmt" count="0"/>
        <line num="21" type="stmt" count="0"/>
        <line num="23" type="stmt" count="0"/>
        <line num="24" type="stmt" count="0"/>
        <line num="25" type="stmt" count="0"/>
        <line num="26" type="stmt" count="0"/>
        <line num="27" type="stmt" count="0"/>
        <line num="28" type="stmt" count="0"/>
        <line num="30" type="stmt" count="0"/>
        <line num="31" type="stmt" count="0"/>
        <line num="32" type="stmt" count="0"/>
        <line num="34" type="stmt" count="0"/>
        <line num="37" type="method" name="getOptions" crap="2" count="0"/>
        <line num="40" type="stmt" count="0"/>
        <line num="41" type="stmt" count="0"/>
        <line num="43" type="stmt" count="0"/>
        <metrics loc="46" ncloc="42" classes="1" methods="2" coveredmethods="0" conditionals="0" coveredconditionals="0" statements="18" coveredstatements="0" elements="20" coveredelements="0"/>
      </file>
      <file name="/home/ubuntu/workspace/Earls/RhinoReport/Module/Table/Actions/ItemAction/Column/RoundAction.php">
        <class name="RoundAction" namespace="Earls\RhinoReportBundle\Module\Table\Actions\ItemAction\Column">
          <metrics methods="2" coveredmethods="0" conditionals="0" coveredconditionals="0" statements="16" coveredstatements="0" elements="18" coveredelements="0"/>
        </class>
        <line num="14" type="method" name="setData" crap="30" count="0"/>
        <line num="16" type="stmt" count="0"/>
        <line num="17" type="stmt" count="0"/>
        <line num="18" type="stmt" count="0"/>
        <line num="19" type="stmt" count="0"/>
        <line num="20" type="stmt" count="0"/>
        <line num="21" type="stmt" count="0"/>
        <line num="23" type="stmt" count="0"/>
        <line num="24" type="stmt" count="0"/>
        <line num="25" type="stmt" count="0"/>
        <line num="27" type="stmt" count="0"/>
        <line num="29" type="stmt" count="0"/>
        <line num="32" type="method" name="getOptions" crap="2" count="0"/>
        <line num="35" type="stmt" count="0"/>
        <line num="36" type="stmt" count="0"/>
        <line num="37" type="stmt" count="0"/>
        <line num="38" type="stmt" count="0"/>
        <line num="39" type="stmt" count="0"/>
        <metrics loc="42" ncloc="38" classes="1" methods="2" coveredmethods="0" conditionals="0" coveredconditionals="0" statements="16" coveredstatements="0" elements="18" coveredelements="0"/>
      </file>
      <file name="/home/ubuntu/workspace/Earls/RhinoReport/Module/Table/Actions/ItemAction/Column/SprintfAction.php">
        <class name="SprintfAction" namespace="Earls\RhinoReportBundle\Module\Table\Actions\ItemAction\Column">
          <metrics methods="2" coveredmethods="0" conditionals="0" coveredconditionals="0" statements="16" coveredstatements="0" elements="18" coveredelements="0"/>
        </class>
        <line num="15" type="method" name="setData" crap="30" count="0"/>
        <line num="17" type="stmt" count="0"/>
        <line num="19" type="stmt" count="0"/>
        <line num="20" type="stmt" count="0"/>
        <line num="21" type="stmt" count="0"/>
        <line num="23" type="stmt" count="0"/>
        <line num="24" type="stmt" count="0"/>
        <line num="25" type="stmt" count="0"/>
        <line num="26" type="stmt" count="0"/>
        <line num="27" type="stmt" count="0"/>
        <line num="28" type="stmt" count="0"/>
        <line num="30" type="stmt" count="0"/>
        <line num="32" type="stmt" count="0"/>
        <line num="34" type="stmt" count="0"/>
        <line num="37" type="method" name="getOptions" crap="2" count="0"/>
        <line num="40" type="stmt" count="0"/>
        <line num="41" type="stmt" count="0"/>
        <line num="43" type="stmt" count="0"/>
        <metrics loc="45" ncloc="41" classes="1" methods="2" coveredmethods="0" conditionals="0" coveredconditionals="0" statements="16" coveredstatements="0" elements="18" coveredelements="0"/>
      </file>
    </package>
    <file name="/home/ubuntu/workspace/Earls/RhinoReport/Module/Table/Actions/ItemAction/Column/ActionInterface.php">
      <metrics loc="22" ncloc="18" classes="0" methods="0" coveredmethods="0" conditionals="0" coveredconditionals="0" statements="0" coveredstatements="0" elements="0" coveredelements="0"/>
    </file>
    <package name="Earls\RhinoReportBundle\Module\Table\Actions\ItemAction\Group">
      <file name="/home/ubuntu/workspace/Earls/RhinoReport/Module/Table/Actions/ItemAction/Group/Action.php">
        <class name="Action" namespace="Earls\RhinoReportBundle\Module\Table\Actions\ItemAction\Group">
          <metrics methods="4" coveredmethods="0" conditionals="0" coveredconditionals="0" statements="8" coveredstatements="0" elements="12" coveredelements="0"/>
        </class>
        <line num="17" type="method" name="setParameters" crap="2" count="0"/>
        <line num="19" type="stmt" count="0"/>
        <line num="21" type="stmt" count="0"/>
        <line num="23" type="stmt" count="0"/>
        <line num="26" type="method" name="setOptions" crap="2" count="0"/>
        <line num="28" type="stmt" count="0"/>
        <line num="29" type="stmt" count="0"/>
        <line num="31" type="stmt" count="0"/>
        <line num="34" type="method" name="getOptions" crap="2" count="0"/>
        <line num="36" type="stmt" count="0"/>
        <line num="39" type="method" name="getGroup" crap="2" count="0"/>
        <line num="41" type="stmt" count="0"/>
        <metrics loc="44" ncloc="38" classes="1" methods="4" coveredmethods="0" conditionals="0" coveredconditionals="0" statements="8" coveredstatements="0" elements="12" coveredelements="0"/>
      </file>
      <file name="/home/ubuntu/workspace/Earls/RhinoReport/Module/Table/Actions/ItemAction/Group/HighlightMinMaxAction.php">
        <class name="HighlightMinMaxAction" namespace="Earls\RhinoReportBundle\Module\Table\Actions\ItemAction\Group">
          <metrics methods="4" coveredmethods="0" conditionals="0" coveredconditionals="0" statements="41" coveredstatements="0" elements="45" coveredelements="0"/>
        </class>
        <line num="18" type="method" name="__construct" crap="6" count="0"/>
        <line num="20" type="stmt" count="0"/>
        <line num="21" type="stmt" count="0"/>
        <line num="23" type="stmt" count="0"/>
        <line num="24" type="stmt" count="0"/>
        <line num="25" type="stmt" count="0"/>
        <line num="27" type="method" name="setGroup" crap="132" count="0"/>
        <line num="29" type="stmt" count="0"/>
        <line num="30" type="stmt" count="0"/>
        <line num="31" type="stmt" count="0"/>
        <line num="32" type="stmt" count="0"/>
        <line num="34" type="stmt" count="0"/>
        <line num="35" type="stmt" count="0"/>
        <line num="37" type="stmt" count="0"/>
        <line num="39" type="stmt" count="0"/>
        <line num="40" type="stmt" count="0"/>
        <line num="41" type="stmt" count="0"/>
        <line num="42" type="stmt" count="0"/>
        <line num="43" type="stmt" count="0"/>
        <line num="44" type="stmt" count="0"/>
        <line num="45" type="stmt" count="0"/>
        <line num="46" type="stmt" count="0"/>
        <line num="48" type="stmt" count="0"/>
        <line num="49" type="stmt" count="0"/>
        <line num="53" type="stmt" count="0"/>
        <line num="55" type="stmt" count="0"/>
        <line num="56" type="stmt" count="0"/>
        <line num="57" type="stmt" count="0"/>
        <line num="58" type="stmt" count="0"/>
        <line num="59" type="stmt" count="0"/>
        <line num="60" type="stmt" count="0"/>
        <line num="61" type="stmt" count="0"/>
        <line num="63" type="stmt" count="0"/>
        <line num="66" type="method" name="mFunction" crap="12" count="0"/>
        <line num="68" type="stmt" count="0"/>
        <line num="69" type="stmt" count="0"/>
        <line num="70" type="stmt" count="0"/>
        <line num="71" type="stmt" count="0"/>
        <line num="73" type="stmt" count="0"/>
        <line num="75" type="method" name="getOptions" crap="2" count="0"/>
        <line num="77" type="stmt" count="0"/>
        <line num="80" type="stmt" count="0"/>
        <line num="81" type="stmt" count="0"/>
        <line num="82" type="stmt" count="0"/>
        <line num="84" type="stmt" count="0"/>
        <metrics loc="87" ncloc="77" classes="1" methods="4" coveredmethods="0" conditionals="0" coveredconditionals="0" statements="41" coveredstatements="0" elements="45" coveredelements="0"/>
      </file>
      <file name="/home/ubuntu/workspace/Earls/RhinoReport/Module/Table/Actions/ItemAction/Group/OrderByAction.php">
        <class name="OrderByAction" namespace="Earls\RhinoReportBundle\Module\Table\Actions\ItemAction\Group">
          <metrics methods="5" coveredmethods="0" conditionals="0" coveredconditionals="0" statements="54" coveredstatements="0" elements="59" coveredelements="0"/>
        </class>
        <line num="24" type="method" name="__construct" crap="2" count="0"/>
        <line num="26" type="stmt" count="0"/>
        <line num="27" type="stmt" count="0"/>
        <line num="29" type="method" name="setGroup" crap="56" count="0"/>
        <line num="31" type="stmt" count="0"/>
        <line num="32" type="stmt" count="0"/>
        <line num="35" type="stmt" count="0"/>
        <line num="36" type="stmt" count="0"/>
        <line num="37" type="stmt" count="0"/>
        <line num="39" type="stmt" count="0"/>
        <line num="41" type="stmt" count="0"/>
        <line num="42" type="stmt" count="0"/>
        <line num="44" type="stmt" count="0"/>
        <line num="45" type="stmt" count="0"/>
        <line num="48" type="stmt" count="0"/>
        <line num="49" type="stmt" count="0"/>
        <line num="51" type="stmt" count="0"/>
        <line num="52" type="stmt" count="0"/>
        <line num="53" type="stmt" count="0"/>
        <line num="54" type="stmt" count="0"/>
        <line num="55" type="stmt" count="0"/>
        <line num="56" type="stmt" count="0"/>
        <line num="58" type="stmt" count="0"/>
        <line num="61" type="stmt" count="0"/>
        <line num="64" type="stmt" count="0"/>
        <line num="65" type="stmt" count="0"/>
        <line num="67" type="stmt" count="0"/>
        <line num="69" type="stmt" count="0"/>
        <line num="72" type="method" name="getOptions" crap="2" count="0"/>
        <line num="75" type="stmt" count="0"/>
        <line num="77" type="stmt" count="0"/>
        <line num="80" type="method" name="cmp" crap="132" count="0"/>
        <line num="82" type="stmt" count="0"/>
        <line num="83" type="stmt" count="0"/>
        <line num="85" type="stmt" count="0"/>
        <line num="86" type="stmt" count="0"/>
        <line num="88" type="stmt" count="0"/>
        <line num="89" type="stmt" count="0"/>
        <line num="90" type="stmt" count="0"/>
        <line num="91" type="stmt" count="0"/>
        <line num="93" type="stmt" count="0"/>
        <line num="94" type="stmt" count="0"/>
        <line num="96" type="stmt" count="0"/>
        <line num="97" type="stmt" count="0"/>
        <line num="98" type="stmt" count="0"/>
        <line num="100" type="stmt" count="0"/>
        <line num="102" type="stmt" count="0"/>
        <line num="103" type="stmt" count="0"/>
        <line num="104" type="stmt" count="0"/>
        <line num="106" type="stmt" count="0"/>
        <line num="108" type="stmt" count="0"/>
        <line num="109" type="stmt" count="0"/>
        <line num="112" type="stmt" count="0"/>
        <line num="113" type="stmt" count="0"/>
        <line num="115" type="stmt" count="0"/>
        <line num="119" type="method" name="filterRowUnique" crap="12" count="0"/>
        <line num="121" type="stmt" count="0"/>
        <line num="122" type="stmt" count="0"/>
        <line num="125" type="stmt" count="0"/>
        <metrics loc="128" ncloc="117" classes="1" methods="5" coveredmethods="0" conditionals="0" coveredconditionals="0" statements="54" coveredstatements="0" elements="59" coveredelements="0"/>
      </file>
    </package>
    <file name="/home/ubuntu/workspace/Earls/RhinoReport/Module/Table/Actions/ItemAction/Group/ActionInterface.php">
[...]
        <line num="224" type="stmt" count="0"/>
        <line num="225" type="stmt" count="0"/>
        <line num="226" type="stmt" count="0"/>
        <line num="227" type="stmt" count="0"/>
        <line num="230" type="stmt" count="0"/>
        <line num="233" type="method" name="borderWidth" crap="42" count="0"/>
        <line num="236" type="stmt" count="0"/>
        <line num="237" type="stmt" count="0"/>
        <line num="238" type="stmt" count="0"/>
        <line num="239" type="stmt" count="0"/>
        <line num="240" type="stmt" count="0"/>
        <line num="241" type="stmt" count="0"/>
        <line num="242" type="stmt" count="0"/>
        <line num="243" type="stmt" count="0"/>
        <line num="244" type="stmt" count="0"/>
        <line num="245" type="stmt" count="0"/>
        <line num="246" type="stmt" count="0"/>
        <line num="247" type="stmt" count="0"/>
        <line num="248" type="stmt" count="0"/>
        <line num="249" type="stmt" count="0"/>
        <line num="250" type="stmt" count="0"/>
        <line num="251" type="stmt" count="0"/>
        <line num="253" type="stmt" count="0"/>
        <line num="254" type="stmt" count="0"/>
        <line num="255" type="stmt" count="0"/>
        <line num="256" type="stmt" count="0"/>
        <line num="257" type="stmt" count="0"/>
        <line num="258" type="stmt" count="0"/>
        <line num="259" type="stmt" count="0"/>
        <line num="262" type="stmt" count="0"/>
        <line num="265" type="method" name="wrapText" crap="6" count="0"/>
        <line num="268" type="stmt" count="0"/>
        <line num="269" type="stmt" count="0"/>
        <line num="270" type="stmt" count="0"/>
        <line num="271" type="stmt" count="0"/>
        <line num="272" type="stmt" count="0"/>
        <line num="273" type="stmt" count="0"/>
        <line num="274" type="stmt" count="0"/>
        <line num="275" type="stmt" count="0"/>
        <line num="277" type="stmt" count="0"/>
        <line num="280" type="method" name="protection" crap="6" count="0"/>
        <line num="283" type="stmt" count="0"/>
        <line num="284" type="stmt" count="0"/>
        <line num="285" type="stmt" count="0"/>
        <line num="286" type="stmt" count="0"/>
        <line num="287" type="stmt" count="0"/>
        <line num="288" type="stmt" count="0"/>
        <line num="289" type="stmt" count="0"/>
        <line num="290" type="stmt" count="0"/>
        <line num="292" type="stmt" count="0"/>
        <metrics loc="295" ncloc="264" classes="1" methods="13" coveredmethods="0" conditionals="0" coveredconditionals="0" statements="166" coveredstatements="0" elements="179" coveredelements="0"/>
      </file>
      <file name="/home/ubuntu/workspace/Earls/RhinoReport/Templating/Excel/Translator/TagHeaderFooterTranslator.php">
        <class name="TagHeaderFooterTranslator" namespace="Earls\RhinoReportBundle\Templating\Excel\Translator">
          <metrics methods="2" coveredmethods="0" conditionals="0" coveredconditionals="0" statements="6" coveredstatements="0" elements="8" coveredelements="0"/>
        </class>
        <line num="31" type="method" name="__construct" crap="2" count="0"/>
        <line num="33" type="stmt" count="0"/>
        <line num="34" type="stmt" count="0"/>
        <line num="43" type="method" name="translate" crap="2" count="0"/>
        <line num="45" type="stmt" count="0"/>
        <line num="46" type="stmt" count="0"/>
        <line num="49" type="stmt" count="0"/>
        <line num="51" type="stmt" count="0"/>
        <metrics loc="54" ncloc="34" classes="1" methods="2" coveredmethods="0" conditionals="0" coveredconditionals="0" statements="6" coveredstatements="0" elements="8" coveredelements="0"/>
      </file>
    </package>
    <file name="/home/ubuntu/workspace/Earls/RhinoReport/Templating/ExportConfigurator/ExportConfigurator.php">
      <metrics loc="11" ncloc="8" classes="0" methods="0" coveredmethods="0" conditionals="0" coveredconditionals="0" statements="0" coveredstatements="0" elements="0" coveredelements="0"/>
    </file>
    <package name="Earls\RhinoReportBundle\Templating\ExportConfigurator">
      <file name="/home/ubuntu/workspace/Earls/RhinoReport/Templating/ExportConfigurator/HtmlExportConfigurator.php">
        <class name="HtmlExportConfigurator" namespace="Earls\RhinoReportBundle\Templating\ExportConfigurator">
          <metrics methods="6" coveredmethods="0" conditionals="0" coveredconditionals="0" statements="9" coveredstatements="0" elements="15" coveredelements="0"/>
        </class>
        <line num="16" type="method" name="__construct" crap="2" count="0"/>
        <line num="18" type="stmt" count="0"/>
        <line num="19" type="stmt" count="0"/>
        <line num="21" type="method" name="setAttr" crap="2" count="0"/>
        <line num="23" type="stmt" count="0"/>
        <line num="25" type="stmt" count="0"/>
        <line num="28" type="method" name="getAttr" crap="2" count="0"/>
        <line num="30" type="stmt" count="0"/>
        <line num="33" type="method" name="getResponse" crap="2" count="0"/>
        <line num="35" type="stmt" count="0"/>
        <line num="38" type="method" name="setResponse" crap="2" count="0"/>
        <line num="40" type="stmt" count="0"/>
        <line num="41" type="stmt" count="0"/>
        <line num="44" type="method" name="getDefaultResponse" crap="2" count="0"/>
        <line num="48" type="stmt" count="0"/>
        <metrics loc="51" ncloc="48" classes="1" methods="6" coveredmethods="0" conditionals="0" coveredconditionals="0" statements="9" coveredstatements="0" elements="15" coveredelements="0"/>
      </file>
      <file name="/home/ubuntu/workspace/Earls/RhinoReport/Templating/ExportConfigurator/XlsExportConfigurator.php">
        <class name="XlsExportConfigurator" namespace="Earls\RhinoReportBundle\Templating\ExportConfigurator">
          <metrics methods="16" coveredmethods="0" conditionals="0" coveredconditionals="0" statements="26" coveredstatements="0" elements="42" coveredelements="0"/>
        </class>
        <line num="36" type="method" name="setStyleTable" crap="2" count="0"/>
        <line num="38" type="stmt" count="0"/>
        <line num="40" type="stmt" count="0"/>
        <line num="43" type="method" name="getStyleTable" crap="2" count="0"/>
        <line num="45" type="stmt" count="0"/>
        <line num="48" type="method" name="setTableOddEven" crap="2" count="0"/>
        <line num="50" type="stmt" count="0"/>
        <line num="52" type="stmt" count="0"/>
        <line num="55" type="method" name="getTableOddEven" crap="2" count="0"/>
        <line num="57" type="stmt" count="0"/>
        <line num="60" type="method" name="setPagebreak" crap="2" count="0"/>
        <line num="62" type="stmt" count="0"/>
        <line num="64" type="stmt" count="0"/>
        <line num="67" type="method" name="isPagebreak" crap="2" count="0"/>
        <line num="69" type="stmt" count="0"/>
        <line num="72" type="method" name="setAttr" crap="12" count="0"/>
        <line num="74" type="stmt" count="0"/>
        <line num="75" type="stmt" count="0"/>
        <line num="77" type="stmt" count="0"/>
        <line num="79" type="stmt" count="0"/>
        <line num="82" type="method" name="getAttr" crap="2" count="0"/>
        <line num="84" type="stmt" count="0"/>
        <line num="87" type="method" name="setPrint" crap="2" count="0"/>
        <line num="89" type="stmt" count="0"/>
        <line num="91" type="stmt" count="0"/>
        <line num="94" type="method" name="getPrint" crap="2" count="0"/>
        <line num="96" type="stmt" count="0"/>
        <line num="99" type="method" name="setColumn" crap="2" count="0"/>
        <line num="101" type="stmt" count="0"/>
        <line num="103" type="stmt" count="0"/>
        <line num="106" type="method" name="getColumn" crap="2" count="0"/>
        <line num="108" type="stmt" count="0"/>
        <line num="111" type="method" name="setRptInfo" crap="2" count="0"/>
        <line num="113" type="stmt" count="0"/>
        <line num="115" type="stmt" count="0"/>
        <line num="118" type="method" name="getRptInfo" crap="2" count="0"/>
        <line num="120" type="stmt" count="0"/>
        <line num="123" type="method" name="getProtection" crap="2" count="0"/>
        <line num="125" type="stmt" count="0"/>
        <line num="128" type="method" name="setProtection" crap="2" count="0"/>
        <line num="130" type="stmt" count="0"/>
        <line num="132" type="stmt" count="0"/>
        <metrics loc="135" ncloc="126" classes="1" methods="16" coveredmethods="0" conditionals="0" coveredconditionals="0" statements="26" coveredstatements="0" elements="42" coveredelements="0"/>
      </file>
    </package>
    <package name="Earls\RhinoReportBundle\Templating\Parser">
      <file name="/home/ubuntu/workspace/Earls/RhinoReport/Templating/Parser/CssParser.php">
        <class name="CssParser" namespace="Earls\RhinoReportBundle\Templating\Parser">
          <metrics methods="10" coveredmethods="0" conditionals="0" coveredconditionals="0" statements="201" coveredstatements="0" elements="211" coveredelements="0"/>
        </class>
        <line num="11" type="method" name="cssparser" crap="2" count="0"/>
        <line num="14" type="stmt" count="0"/>
        <line num="15" type="stmt" count="0"/>
        <line num="16" type="stmt" count="0"/>
        <line num="17" type="stmt" count="0"/>
        <line num="19" type="method" name="finalize" crap="2" count="0"/>
        <line num="21" type="stmt" count="0"/>
        <line num="22" type="stmt" count="0"/>
        <line num="24" type="method" name="Clear" crap="6" count="0"/>
        <line num="26" type="stmt" count="0"/>
        <line num="27" type="stmt" count="0"/>
        <line num="28" type="stmt" count="0"/>
        <line num="29" type="stmt" count="0"/>
        <line num="30" type="stmt" count="0"/>
        <line num="31" type="stmt" count="0"/>
        <line num="32" type="stmt" count="0"/>
        <line num="33" type="stmt" count="0"/>
        <line num="34" type="stmt" count="0"/>
        <line num="35" type="stmt" count="0"/>
        <line num="36" type="stmt" count="0"/>
        <line num="37" type="stmt" count="0"/>
        <line num="38" type="stmt" count="0"/>
        <line num="39" type="stmt" count="0"/>
        <line num="40" type="stmt" count="0"/>
        <line num="41" type="stmt" count="0"/>
        <line num="42" type="stmt" count="0"/>
        <line num="43" type="stmt" count="0"/>
        <line num="44" type="stmt" count="0"/>
        <line num="45" type="stmt" count="0"/>
        <line num="46" type="stmt" count="0"/>
        <line num="47" type="stmt" count="0"/>
        <line num="48" type="stmt" count="0"/>
        <line num="49" type="stmt" count="0"/>
        <line num="50" type="stmt" count="0"/>
        <line num="51" type="stmt" count="0"/>
        <line num="52" type="stmt" count="0"/>
        <line num="53" type="stmt" count="0"/>
        <line num="54" type="stmt" count="0"/>
        <line num="55" type="stmt" count="0"/>
        <line num="56" type="stmt" count="0"/>
        <line num="57" type="stmt" count="0"/>
        <line num="58" type="stmt" count="0"/>
        <line num="59" type="stmt" count="0"/>
        <line num="60" type="stmt" count="0"/>
        <line num="61" type="stmt" count="0"/>
        <line num="62" type="stmt" count="0"/>
        <line num="63" type="stmt" count="0"/>
        <line num="64" type="stmt" count="0"/>
        <line num="65" type="stmt" count="0"/>
        <line num="66" type="stmt" count="0"/>
        <line num="67" type="stmt" count="0"/>
        <line num="68" type="stmt" count="0"/>
        <line num="69" type="stmt" count="0"/>
        <line num="70" type="stmt" count="0"/>
        <line num="71" type="stmt" count="0"/>
        <line num="72" type="stmt" count="0"/>
        <line num="73" type="stmt" count="0"/>
        <line num="74" type="stmt" count="0"/>
        <line num="75" type="stmt" count="0"/>
        <line num="76" type="stmt" count="0"/>
        <line num="77" type="stmt" count="0"/>
        <line num="78" type="stmt" count="0"/>
        <line num="79" type="stmt" count="0"/>
        <line num="80" type="stmt" count="0"/>
        <line num="81" type="stmt" count="0"/>
        <line num="82" type="stmt" count="0"/>
        <line num="83" type="stmt" count="0"/>
        <line num="84" type="stmt" count="0"/>
        <line num="85" type="stmt" count="0"/>
        <line num="86" type="stmt" count="0"/>
        <line num="87" type="stmt" count="0"/>
        <line num="88" type="stmt" count="0"/>
        <line num="89" type="stmt" count="0"/>
        <line num="90" type="stmt" count="0"/>
        <line num="91" type="stmt" count="0"/>
        <line num="92" type="stmt" count="0"/>
        <line num="93" type="stmt" count="0"/>
        <line num="94" type="stmt" count="0"/>
        <line num="95" type="stmt" count="0"/>
        <line num="96" type="stmt" count="0"/>
        <line num="97" type="stmt" count="0"/>
        <line num="98" type="stmt" count="0"/>
        <line num="100" type="method" name="SetHTML" crap="2" count="0"/>
        <line num="102" type="stmt" count="0"/>
        <line num="103" type="stmt" count="0"/>
        <line num="105" type="method" name="Add" crap="42" count="0"/>
        <line num="107" type="stmt" count="0"/>
        <line num="108" type="stmt" count="0"/>
        <line num="109" type="stmt" count="0"/>
        <line num="110" type="stmt" count="0"/>
        <line num="111" type="stmt" count="0"/>
        <line num="112" type="stmt" count="0"/>
        <line num="113" type="stmt" count="0"/>
        <line num="114" type="stmt" count="0"/>
        <line num="116" type="stmt" count="0"/>
        <line num="117" type="stmt" count="0"/>
        <line num="119" type="stmt" count="0"/>
        <line num="120" type="stmt" count="0"/>
        <line num="121" type="stmt" count="0"/>
        <line num="122" type="stmt" count="0"/>
        <line num="123" type="stmt" count="0"/>
        <line num="125" type="stmt" count="0"/>
        <line num="126" type="stmt" count="0"/>
        <line num="127" type="stmt" count="0"/>
        <line num="128" type="stmt" count="0"/>
        <line num="129" type="stmt" count="0"/>
        <line num="130" type="stmt" count="0"/>
        <line num="131" type="stmt" count="0"/>
        <line num="132" type="stmt" count="0"/>
        <line num="134" type="method" name="Get" crap="72" count="0"/>
        <line num="136" type="stmt" count="0"/>
        <line num="137" type="stmt" count="0"/>
        <line num="139" type="stmt" count="0"/>
        <line num="140" type="stmt" count="0"/>
        <line num="141" type="stmt" count="0"/>
        <line num="142" type="stmt" count="0"/>
        <line num="143" type="stmt" count="0"/>
        <line num="144" type="stmt" count="0"/>
        <line num="145" type="stmt" count="0"/>
        <line num="146" type="stmt" count="0"/>
        <line num="148" type="stmt" count="0"/>
        <line num="149" type="stmt" count="0"/>
        <line num="150" type="stmt" count="0"/>
        <line num="151" type="stmt" count="0"/>
        <line num="153" type="stmt" count="0"/>
        <line num="154" type="stmt" count="0"/>
        <line num="155" type="stmt" count="0"/>
        <line num="156" type="stmt" count="0"/>
        <line num="157" type="stmt" count="0"/>
        <line num="158" type="stmt" count="0"/>
        <line num="159" type="stmt" count="0"/>
        <line num="160" type="stmt" count="0"/>
        <line num="161" type="stmt" count="0"/>
        <line num="162" type="stmt" count="0"/>
        <line num="163" type="stmt" count="0"/>
        <line num="164" type="stmt" count="0"/>
        <line num="165" type="stmt" count="0"/>
        <line num="166" type="stmt" count="0"/>
        <line num="167" type="stmt" count="0"/>
        <line num="168" type="stmt" count="0"/>
        <line num="169" type="stmt" count="0"/>
        <line num="171" type="stmt" count="0"/>
        <line num="174" type="method" name="GetSection" crap="72" count="0"/>
        <line num="176" type="stmt" count="0"/>
        <line num="178" type="stmt" count="0"/>
        <line num="179" type="stmt" count="0"/>
        <line num="180" type="stmt" count="0"/>
        <line num="181" type="stmt" count="0"/>
        <line num="182" type="stmt" count="0"/>
        <line num="183" type="stmt" count="0"/>
        <line num="184" type="stmt" count="0"/>
        <line num="185" type="stmt" count="0"/>
        <line num="187" type="stmt" count="0"/>
        <line num="188" type="stmt" count="0"/>
        <line num="189" type="stmt" count="0"/>
        <line num="190" type="stmt" count="0"/>
        <line num="192" type="stmt" count="0"/>
        <line num="193" type="stmt" count="0"/>
        <line num="194" type="stmt" count="0"/>
        <line num="195" type="stmt" count="0"/>
        <line num="196" type="stmt" count="0"/>
        <line num="197" type="stmt" count="0"/>
        <line num="198" type="stmt" count="0"/>
        <line num="199" type="stmt" count="0"/>
        <line num="200" type="stmt" count="0"/>
        <line num="201" type="stmt" count="0"/>
        <line num="202" type="stmt" count="0"/>
        <line num="203" type="stmt" count="0"/>
        <line num="204" type="stmt" count="0"/>
        <line num="205" type="stmt" count="0"/>
        <line num="206" type="stmt" count="0"/>
        <line num="207" type="stmt" count="0"/>
        <line num="208" type="stmt" count="0"/>
        <line num="210" type="stmt" count="0"/>
        <line num="213" type="method" name="ParseStr" crap="56" count="0"/>
        <line num="215" type="stmt" count="0"/>
        <line num="217" type="stmt" count="0"/>
        <line num="220" type="stmt" count="0"/>
        <line num="222" type="stmt" count="0"/>
        <line num="223" type="stmt" count="0"/>
        <line num="224" type="stmt" count="0"/>
        <line num="225" type="stmt" count="0"/>
        <line num="228" type="stmt" count="0"/>
        <line num="229" type="stmt" count="0"/>
        <line num="230" type="stmt" count="0"/>
        <line num="231" type="stmt" count="0"/>
        <line num="232" type="stmt" count="0"/>
        <line num="233" type="stmt" count="0"/>
        <line num="234" type="stmt" count="0"/>
        <line num="235" type="stmt" count="0"/>
        <line num="236" type="stmt" count="0"/>
        <line num="237" type="stmt" count="0"/>
        <line num="238" type="stmt" count="0"/>
        <line num="239" type="stmt" count="0"/>
        <line num="240" type="stmt" count="0"/>
        <line num="242" type="stmt" count="0"/>
        <line num="245" type="method" name="Parse" crap="6" count="0"/>
        <line num="247" type="stmt" count="0"/>
        <line num="248" type="stmt" count="0"/>
        <line num="249" type="stmt" count="0"/>
        <line num="251" type="stmt" count="0"/>
        <line num="255" type="method" name="GetCSS" crap="12" count="0"/>
        <line num="257" type="stmt" count="0"/>
        <line num="258" type="stmt" count="0"/>
        <line num="259" type="stmt" count="0"/>
        <line num="260" type="stmt" count="0"/>
        <line num="261" type="stmt" count="0"/>
        <line num="262" type="stmt" count="0"/>
        <line num="263" type="stmt" count="0"/>
        <line num="264" type="stmt" count="0"/>
        <line num="266" type="stmt" count="0"/>
        <metrics loc="269" ncloc="261" classes="1" methods="10" coveredmethods="0" conditionals="0" coveredconditionals="0" statements="201" coveredstatements="0" elements="211" coveredelements="0"/>
      </file>
    </package>
    <metrics files="129" loc="11635" ncloc="9695" classes="114" methods="805" coveredmethods="261" conditionals="0" coveredconditionals="0" statements="3911" coveredstatements="1136" elements="4716" coveredelements="1397"/>
  </project>
</coverage>
